0 info it worked if it ends with ok
1 verbose cli [ 'C:\\Program Files\\nodejs\\node.exe',
1 verbose cli   'C:\\Program Files\\nodejs\\node_modules\\npm\\bin\\npm-cli.js',
1 verbose cli   'install',
1 verbose cli   '-g',
1 verbose cli   'bower' ]
2 info using npm@2.14.4
3 info using node@v4.1.1
4 verbose install initial load of C:\Users\ProdataDev\AppData\Roaming\npm\package.json
5 verbose readDependencies loading dependencies from C:\Users\ProdataDev\AppData\Roaming\npm\package.json
6 silly cache add args [ 'bower', null ]
7 verbose cache add spec bower
8 silly cache add parsed spec Result {
8 silly cache add   raw: 'bower',
8 silly cache add   scope: null,
8 silly cache add   name: 'bower',
8 silly cache add   rawSpec: '',
8 silly cache add   spec: '*',
8 silly cache add   type: 'range' }
9 silly addNamed bower@*
10 verbose addNamed "*" is a valid semver range for bower
11 silly addNameRange { name: 'bower', range: '*', hasData: false }
12 silly mapToRegistry name bower
13 silly mapToRegistry using default registry
14 silly mapToRegistry registry https://registry.npmjs.org/
15 silly mapToRegistry uri https://registry.npmjs.org/bower
16 verbose addNameRange registry:https://registry.npmjs.org/bower not in flight; fetching
17 verbose request uri https://registry.npmjs.org/bower
18 verbose request no auth needed
19 info attempt registry request try #1 at 20:56:06
20 verbose request id de8a8e8ed6bb3067
21 verbose etag "BHZR7TB1ZFK06F3HK7QCRL5CT"
22 http request GET https://registry.npmjs.org/bower
23 info retry will retry, error on last attempt: Error: getaddrinfo ENOTFOUND registry.npmjs.org registry.npmjs.org:443
24 info attempt registry request try #2 at 20:56:16
25 verbose etag "BHZR7TB1ZFK06F3HK7QCRL5CT"
26 http request GET https://registry.npmjs.org/bower
27 info retry will retry, error on last attempt: Error: getaddrinfo ENOTFOUND registry.npmjs.org registry.npmjs.org:443
28 info attempt registry request try #3 at 20:57:28
29 verbose etag "BHZR7TB1ZFK06F3HK7QCRL5CT"
30 http request GET https://registry.npmjs.org/bower
31 silly get cb [ 304, undefined ]
32 verbose etag https://registry.npmjs.org/bower from cache
33 verbose get saving bower to C:\Users\ProdataDev\AppData\Roaming\npm-cache\registry.npmjs.org\bower\.cache.json
34 silly addNameRange number 2 { name: 'bower', range: '*', hasData: true }
35 silly addNameRange versions [ 'bower',
35 silly addNameRange   [ '0.1.0',
35 silly addNameRange     '0.1.2',
35 silly addNameRange     '0.1.3',
35 silly addNameRange     '0.2.0',
35 silly addNameRange     '0.3.0',
35 silly addNameRange     '0.3.1',
35 silly addNameRange     '0.3.2',
35 silly addNameRange     '0.4.0',
35 silly addNameRange     '0.5.0',
35 silly addNameRange     '0.5.1',
35 silly addNameRange     '0.6.0',
35 silly addNameRange     '0.6.1',
35 silly addNameRange     '0.6.2',
35 silly addNameRange     '0.6.3',
35 silly addNameRange     '0.6.4',
35 silly addNameRange     '0.6.5',
35 silly addNameRange     '0.6.6',
35 silly addNameRange     '0.6.7',
35 silly addNameRange     '0.6.8',
35 silly addNameRange     '0.7.0',
35 silly addNameRange     '0.7.1',
35 silly addNameRange     '0.8.0',
35 silly addNameRange     '0.8.1',
35 silly addNameRange     '0.8.2',
35 silly addNameRange     '0.8.3',
35 silly addNameRange     '0.8.4',
35 silly addNameRange     '0.8.5',
35 silly addNameRange     '0.8.6',
35 silly addNameRange     '0.9.0',
35 silly addNameRange     '0.9.1',
35 silly addNameRange     '0.9.2',
35 silly addNameRange     '0.10.0',
35 silly addNameRange     '1.0.0',
35 silly addNameRange     '1.0.1',
35 silly addNameRange     '1.0.2',
35 silly addNameRange     '1.0.3',
35 silly addNameRange     '1.1.0',
35 silly addNameRange     '1.1.1',
35 silly addNameRange     '1.1.2',
35 silly addNameRange     '1.2.0',
35 silly addNameRange     '1.2.1',
35 silly addNameRange     '1.2.2',
35 silly addNameRange     '1.2.3',
35 silly addNameRange     '1.2.4',
35 silly addNameRange     '1.2.5',
35 silly addNameRange     '1.2.6',
35 silly addNameRange     '1.2.7',
35 silly addNameRange     '1.2.8',
35 silly addNameRange     '1.3.0',
35 silly addNameRange     '1.3.1',
35 silly addNameRange     '1.3.2',
35 silly addNameRange     '1.3.3',
35 silly addNameRange     '1.3.4',
35 silly addNameRange     '1.3.5',
35 silly addNameRange     '1.3.6',
35 silly addNameRange     '1.3.7',
35 silly addNameRange     '1.3.8',
35 silly addNameRange     '1.3.9',
35 silly addNameRange     '1.3.10',
35 silly addNameRange     '1.3.11',
35 silly addNameRange     '1.3.12',
35 silly addNameRange     '1.4.0',
35 silly addNameRange     '1.4.1',
35 silly addNameRange     '1.5.0',
35 silly addNameRange     '1.5.1',
35 silly addNameRange     '1.5.2',
35 silly addNameRange     '1.5.3',
35 silly addNameRange     '1.6.2',
35 silly addNameRange     '1.6.3',
35 silly addNameRange     '1.6.4',
35 silly addNameRange     '1.6.5',
35 silly addNameRange     '1.5.4',
35 silly addNameRange     '1.4.2',
35 silly addNameRange     '1.6.6',
35 silly addNameRange     '1.6.7',
35 silly addNameRange     '1.6.8',
35 silly addNameRange     '1.6.9',
35 silly addNameRange     '1.7.0',
35 silly addNameRange     '1.7.1',
35 silly addNameRange     '1.7.2' ] ]
36 silly addNamed bower@1.7.2
37 verbose addNamed "1.7.2" is a plain semver version for bower
38 silly mapToRegistry name bower
39 silly mapToRegistry using default registry
40 silly mapToRegistry registry https://registry.npmjs.org/
41 silly mapToRegistry uri https://registry.npmjs.org/bower
42 verbose addRemoteTarball https://registry.npmjs.org/bower/-/bower-1.7.2.tgz not in flight; adding
43 verbose addRemoteTarball [ 'https://registry.npmjs.org/bower/-/bower-1.7.2.tgz',
43 verbose addRemoteTarball   'b04228f9970f11777017e64ae39d71f9346c9575' ]
44 info retry fetch attempt 1 at 20:57:28
45 info attempt registry request try #1 at 20:57:28
46 http fetch GET https://registry.npmjs.org/bower/-/bower-1.7.2.tgz
47 info retry will retry, error on last attempt: Error: getaddrinfo ENOTFOUND registry.npmjs.org registry.npmjs.org:443
48 info attempt registry request try #2 at 20:57:38
49 http fetch GET https://registry.npmjs.org/bower/-/bower-1.7.2.tgz
50 info retry will retry, error on last attempt: Error: getaddrinfo ENOTFOUND registry.npmjs.org registry.npmjs.org:443
51 info attempt registry request try #3 at 20:58:38
52 http fetch GET https://registry.npmjs.org/bower/-/bower-1.7.2.tgz
53 error fetch failed https://registry.npmjs.org/bower/-/bower-1.7.2.tgz
54 warn retry will retry, error on last attempt: Error: getaddrinfo ENOTFOUND registry.npmjs.org registry.npmjs.org:443
55 info retry fetch attempt 2 at 20:58:48
56 info attempt registry request try #1 at 20:58:48
57 http fetch GET https://registry.npmjs.org/bower/-/bower-1.7.2.tgz
58 info retry will retry, error on last attempt: Error: getaddrinfo ENOTFOUND registry.npmjs.org registry.npmjs.org:443
59 info attempt registry request try #2 at 20:58:58
60 http fetch GET https://registry.npmjs.org/bower/-/bower-1.7.2.tgz
61 info retry will retry, error on last attempt: Error: getaddrinfo ENOTFOUND registry.npmjs.org registry.npmjs.org:443
62 info attempt registry request try #3 at 20:59:58
63 http fetch GET https://registry.npmjs.org/bower/-/bower-1.7.2.tgz
64 error fetch failed https://registry.npmjs.org/bower/-/bower-1.7.2.tgz
65 warn retry will retry, error on last attempt: Error: getaddrinfo ENOTFOUND registry.npmjs.org registry.npmjs.org:443
66 info retry fetch attempt 3 at 21:00:58
67 info attempt registry request try #1 at 21:00:58
68 http fetch GET https://registry.npmjs.org/bower/-/bower-1.7.2.tgz
69 info retry will retry, error on last attempt: Error: getaddrinfo ENOENT registry.npmjs.org:443
70 info attempt registry request try #2 at 21:01:08
71 http fetch GET https://registry.npmjs.org/bower/-/bower-1.7.2.tgz
72 info retry will retry, error on last attempt: Error: getaddrinfo ENOENT registry.npmjs.org:443
73 info attempt registry request try #3 at 21:02:08
74 http fetch GET https://registry.npmjs.org/bower/-/bower-1.7.2.tgz
75 error fetch failed https://registry.npmjs.org/bower/-/bower-1.7.2.tgz
76 verbose stack Error: getaddrinfo ENOENT registry.npmjs.org:443
76 verbose stack     at Object.exports._errnoException (util.js:837:11)
76 verbose stack     at errnoException (dns.js:30:15)
76 verbose stack     at GetAddrInfoReqWrap.onlookup [as oncomplete] (dns.js:76:26)
77 verbose cwd C:\Users\ProdataDev\WebstormProjects\projects
78 error Windows_NT 6.3.9600
79 error argv "C:\\Program Files\\nodejs\\node.exe" "C:\\Program Files\\nodejs\\node_modules\\npm\\bin\\npm-cli.js" "install" "-g" "bower"
80 error node v4.1.1
81 error npm  v2.14.4
82 error code ENOENT
83 error errno ENOENT
84 error syscall getaddrinfo
85 error enoent getaddrinfo ENOENT registry.npmjs.org:443
85 error enoent This is most likely not a problem with npm itself
85 error enoent and is related to npm not being able to find a file.
86 verbose exit [ 1, true ]
